<?xml version="1.0" encoding="UTF-8"?>
<!-- Generated by org.testng.reporters.JUnitXMLReporter -->
<testsuite ignored="0" hostname="DESKTOP-NLOJU8G" failures="0" tests="2" name="Default test" time="2.99" errors="0" timestamp="2021-05-27T23:11:58 IST">
  <testcase classname="com.htc.base.TestBase" name="@BeforeSuite initializeBrowser" time="-1.622137315321E9">
    <failure type="org.testng.TestNGException" message="
Parameter &amp;apos;platform&amp;apos; is required by BeforeSuite on method initializeBrowser but has not been marked @Optional or defined
in C:\Users\PramodVG\AppData\Local\Temp\testng-eclipse--1780454812\testng-customsuite.xml">
      <![CDATA[org.testng.TestNGException: 
Parameter 'platform' is required by BeforeSuite on method initializeBrowser but has not been marked @Optional or defined
in C:\Users\PramodVG\AppData\Local\Temp\testng-eclipse--1780454812\testng-customsuite.xml
at org.testng.internal.Parameters.createParams(Parameters.java:268)
at org.testng.internal.Parameters.createParametersForMethod(Parameters.java:356)
at org.testng.internal.Parameters.createParameters(Parameters.java:700)
at org.testng.internal.Parameters.createConfigurationParameters(Parameters.java:166)
at org.testng.internal.ConfigInvoker.invokeConfigurations(ConfigInvoker.java:301)
at org.testng.SuiteRunner.privateRun(SuiteRunner.java:327)
at org.testng.SuiteRunner.run(SuiteRunner.java:286)
at org.testng.SuiteRunnerWorker.runSuite(SuiteRunnerWorker.java:53)
at org.testng.SuiteRunnerWorker.run(SuiteRunnerWorker.java:96)
at org.testng.TestNG.runSuitesSequentially(TestNG.java:1218)
at org.testng.TestNG.runSuitesLocally(TestNG.java:1140)
at org.testng.TestNG.runSuites(TestNG.java:1069)
at org.testng.TestNG.run(TestNG.java:1037)
at org.testng.remote.AbstractRemoteTestNG.run(AbstractRemoteTestNG.java:115)
at org.testng.remote.RemoteTestNG.initAndRun(RemoteTestNG.java:251)
at org.testng.remote.RemoteTestNG.main(RemoteTestNG.java:77)
]]>
    </failure>
  </testcase> <!-- @BeforeSuite initializeBrowser -->
  <testcase classname="com.htc.base.TestBase" name="@BeforeTest getDriver" time="-1.62213731539E9">
    <skipped/>
  </testcase> <!-- @BeforeTest getDriver -->
  <testcase classname="com.htc.base.TestBase" name="@BeforeClass createPageObjects" time="-1.622137315415E9">
    <skipped/>
  </testcase> <!-- @BeforeClass createPageObjects -->
  <testcase classname="com.htc.base.TestBase" name="@AfterMethod performlogOutOperaton" time="-1.622137318355E9">
    <skipped/>
  </testcase> <!-- @AfterMethod performlogOutOperaton -->
  <testcase classname="com.htc.base.TestBase" name="@AfterMethod performlogOutOperaton" time="-1.622137318368E9">
    <skipped/>
  </testcase> <!-- @AfterMethod performlogOutOperaton -->
  <testcase classname="com.htc.testCases.LoginPurchaseTest" name="testLoginAndCheckOutPage_shouldDisplayValidInvalidMessage_enterValidAndInvalidDetails" time="0.0">
    <skipped/>
  </testcase> <!-- testLoginAndCheckOutPage_shouldDisplayValidInvalidMessage_enterValidAndInvalidDetails -->
  <testcase classname="com.htc.testCases.LoginPurchaseTest" name="testLoginAndCheckOutPage_shouldDisplayValidInvalidMessage_enterValidAndInvalidDetails" time="0.0">
    <skipped/>
  </testcase> <!-- testLoginAndCheckOutPage_shouldDisplayValidInvalidMessage_enterValidAndInvalidDetails -->
</testsuite> <!-- Default test -->
