<?xml version="1.0" encoding="UTF-8"?>
<!-- Generated by org.testng.reporters.JUnitXMLReporter -->
<testsuite ignored="0" hostname="DESKTOP-NLOJU8G" failures="3" tests="11" name="Admin Tests" time="4.092" errors="0" timestamp="2021-02-25T16:01:06 IST">
  <testcase classname="com.htc.extentReport.base.TestBase" name="@AfterClass tearDown" time="0.001">
    <failure type="java.lang.NullPointerException" message="Cannot invoke &amp;quot;org.openqa.selenium.WebDriver.quit()&amp;quot; because &amp;quot;this.driver&amp;quot; is null">
      <![CDATA[java.lang.NullPointerException: Cannot invoke "org.openqa.selenium.WebDriver.quit()" because "this.driver" is null
at com.htc.extentReport.base.TestBase.tearDown(TestBase.java:62)
at java.base/java.util.ArrayList.forEach(ArrayList.java:1511)
... Removed 25 stack frames]]>
    </failure>
  </testcase> <!-- @AfterClass tearDown -->
  <testcase classname="com.htc.extentReport.base.TestBase" name="@AfterClass tearDown" time="0.0">
    <failure type="java.lang.NullPointerException" message="Cannot invoke &amp;quot;org.openqa.selenium.WebDriver.quit()&amp;quot; because &amp;quot;this.driver&amp;quot; is null">
      <![CDATA[java.lang.NullPointerException: Cannot invoke "org.openqa.selenium.WebDriver.quit()" because "this.driver" is null
at com.htc.extentReport.base.TestBase.tearDown(TestBase.java:62)
at java.base/java.util.ArrayList.forEach(ArrayList.java:1511)
... Removed 25 stack frames]]>
    </failure>
  </testcase> <!-- @AfterClass tearDown -->
  <testcase classname="com.htc.extentReport.base.TestBase" name="@AfterClass tearDown" time="0.001">
    <failure type="java.lang.NullPointerException" message="Cannot invoke &amp;quot;org.openqa.selenium.WebDriver.quit()&amp;quot; because &amp;quot;this.driver&amp;quot; is null">
      <![CDATA[java.lang.NullPointerException: Cannot invoke "org.openqa.selenium.WebDriver.quit()" because "this.driver" is null
at com.htc.extentReport.base.TestBase.tearDown(TestBase.java:62)
at java.base/java.util.ArrayList.forEach(ArrayList.java:1511)
... Removed 25 stack frames]]>
    </failure>
  </testcase> <!-- @AfterClass tearDown -->
  <testcase classname="com.htc.extentReport.testCases.BasePageTest" name="baseTest1" time="0.607"/>
  <testcase classname="com.htc.extentReport.testCases.BasePageTest" name="baseTest2" time="3.021"/>
  <testcase classname="com.htc.extentReport.testCases.BasePageTest" name="baseTest3" time="0.005"/>
  <testcase classname="com.htc.extentReport.testCases.BasePageTest" name="verifyHomePage" time="0.035">
    <failure type="java.lang.NullPointerException" message="Cannot invoke &amp;quot;org.openqa.selenium.WebDriver.getTitle()&amp;quot; because &amp;quot;this.driver&amp;quot; is null">
      <![CDATA[java.lang.NullPointerException: Cannot invoke "org.openqa.selenium.WebDriver.getTitle()" because "this.driver" is null
at com.htc.extentReport.pages.BasePage.getPageTitle(BasePage.java:30)
at com.htc.extentReport.pages.BasePage.verifyBasePageTitle(BasePage.java:36)
at com.htc.extentReport.testCases.BasePageTest.verifyHomePage(BasePageTest.java:30)
at java.base/java.util.ArrayList.forEach(ArrayList.java:1511)
... Removed 27 stack frames]]>
    </failure>
  </testcase> <!-- verifyHomePage -->
  <testcase classname="com.htc.extentReport.testCases.SignInPageTest" name="SignInPageTestOne" time="0.004"/>
  <testcase classname="com.htc.extentReport.testCases.SignInPageTest" name="SignInPageTestThree" time="0.002"/>
  <testcase classname="com.htc.extentReport.testCases.SignInPageTest" name="SignInPageTestTwo" time="0.001"/>
  <testcase classname="com.htc.extentReport.testCases.SignInPageTest" name="verifySignInFunction" time="0.001">
    <failure type="java.lang.NullPointerException" message="Cannot invoke &amp;quot;org.openqa.selenium.WebDriver.findElement(org.openqa.selenium.By)&amp;quot; because &amp;quot;this.driver&amp;quot; is null">
      <![CDATA[java.lang.NullPointerException: Cannot invoke "org.openqa.selenium.WebDriver.findElement(org.openqa.selenium.By)" because "this.driver" is null
at com.htc.extentReport.pages.BasePage.clickSignInBtn(BasePage.java:17)
at com.htc.extentReport.testCases.SignInPageTest.verifySignInFunction(SignInPageTest.java:32)
at java.base/java.util.ArrayList.forEach(ArrayList.java:1511)
... Removed 27 stack frames]]>
    </failure>
  </testcase> <!-- verifySignInFunction -->
  <testcase classname="com.htc.extentReport.testCases.CreateAccountTest" name="createAccountExample1" time="0.001"/>
  <testcase classname="com.htc.extentReport.testCases.CreateAccountTest" name="createAccountExample2" time="0.001"/>
  <testcase classname="com.htc.extentReport.testCases.CreateAccountTest" name="verifyCreateAnAccountPage" time="0.002">
    <failure type="java.lang.NullPointerException" message="Cannot invoke &amp;quot;org.openqa.selenium.WebDriver.findElement(org.openqa.selenium.By)&amp;quot; because &amp;quot;this.driver&amp;quot; is null">
      <![CDATA[java.lang.NullPointerException: Cannot invoke "org.openqa.selenium.WebDriver.findElement(org.openqa.selenium.By)" because "this.driver" is null
at com.htc.extentReport.pages.BasePage.clickSignInBtn(BasePage.java:17)
at com.htc.extentReport.testCases.CreateAccountTest.verifyCreateAnAccountPage(CreateAccountTest.java:33)
at java.base/java.util.ArrayList.forEach(ArrayList.java:1511)
... Removed 27 stack frames]]>
    </failure>
  </testcase> <!-- verifyCreateAnAccountPage -->
</testsuite> <!-- Admin Tests -->
