<!DOCTYPE html PUBLIC "-//W3C//DTD XHTML 1.1//EN" "https://www.w3.org/TR/xhtml11/DTD/xhtml11.dtd">
<html xmlns="https://www.w3.org/1999/xhtml">
<head>
<meta http-equiv="content-type" content="text/html; charset=UTF-8"/>
<title>TestNG Report</title>
<style type="text/css">table {margin-bottom:10px;border-collapse:collapse;empty-cells:show}th,td {border:1px solid #009;padding:.25em .5em}th {vertical-align:bottom}td {vertical-align:top}table a {font-weight:bold}.stripe td {background-color: #E6EBF9}.num {text-align:right}.passedodd td {background-color: #3F3}.passedeven td {background-color: #0A0}.skippedodd td {background-color: #DDD}.skippedeven td {background-color: #CCC}.failedodd td,.attn {background-color: #F33}.failedeven td,.stripe .attn {background-color: #D00}.stacktrace {white-space:pre;font-family:monospace}.totop {font-size:85%;text-align:center;border-bottom:2px solid #000}.invisible {display:none}</style>
</head>
<body>
<table>
<tr><th>Test</th><th># Passed</th><th># Skipped</th><th># Retried</th><th># Failed</th><th>Time (ms)</th><th>Included Groups</th><th>Excluded Groups</th></tr>
<tr><th colspan="8">Madison_NewUserRegistration_productPurchase</th></tr>
<tr><td><a href="#t0">NewRegistration_ValidInvalidLogin_purchaseOrderTest</a></td><td class="num">1</td><td class="num">0</td><td class="num">0</td><td class="num attn">6</td><td class="num">8,207</td><td></td><td></td></tr>
</table>
<table id='summary'><thead><tr><th>Class</th><th>Method</th><th>Start</th><th>Time (ms)</th></tr></thead><tbody><tr><th colspan="4">Madison_NewUserRegistration_productPurchase</th></tr></tbody><tbody id="t0"><tr><th colspan="4">NewRegistration_ValidInvalidLogin_purchaseOrderTest &#8212; failed</th></tr><tr class="failedeven"><td rowspan="1">com.htc.madison.testCases.BillingPageTest</td><td><a href="#m0">testBillingPaAndOrderPage_enterValidBillingDetails_shouldAllowToCheckout</a></td><td rowspan="1">1614844593071</td><td rowspan="1">5</td></tr><tr class="failedodd"><td rowspan="1">com.htc.madison.testCases.CartPageTest</td><td><a href="#m1">testCartPage_chooseDesired_shouldAllowToSelect</a></td><td rowspan="1">1614844593055</td><td rowspan="1">4</td></tr><tr class="failedeven"><td rowspan="1">com.htc.madison.testCases.HomePageTest</td><td><a href="#m2">testHomePage_searchProduct_shouldShowTheProduct</a></td><td rowspan="1">1614844592982</td><td rowspan="1">7</td></tr><tr class="failedodd"><td rowspan="2">com.htc.madison.testCases.LoginPageTest</td><td><a href="#m3">testMadisonSignin_InValidloginCredential_ShouldDisplayErrorInSigninPage</a></td><td rowspan="1">1614844592903</td><td rowspan="1">5</td></tr><tr class="failedodd"><td><a href="#m4">testMadisonSignin_ValidloginCredential_ShouldDisplayDashboard</a></td><td rowspan="1">1614844592736</td><td rowspan="1">5</td></tr><tr class="failedeven"><td rowspan="1">com.htc.madison.testCases.ProductPageTest</td><td><a href="#m5">testProductPage_clickOnTheProduct_shouldShowTheProductetails</a></td><td rowspan="1">1614844593027</td><td rowspan="1">11</td></tr><tr><th colspan="4">NewRegistration_ValidInvalidLogin_purchaseOrderTest &#8212; passed</th></tr><tr class="passedeven"><td rowspan="1">com.htc.madison.testCases.RegisterPageTest</td><td><a href="#m6">testRegistration_entervalidDetails_shouldShowRegistrationMessage</a></td><td rowspan="1">1614844586013</td><td rowspan="1">6604</td></tr></tbody>
</table>
<h2>NewRegistration_ValidInvalidLogin_purchaseOrderTest</h2><h3 id="m0">com.htc.madison.testCases.BillingPageTest#testBillingPaAndOrderPage_enterValidBillingDetails_shouldAllowToCheckout</h3><table class="result"><tr><th>Exception</th></tr><tr><td><div class="stacktrace">java.lang.NullPointerException: Cannot invoke &quot;org.openqa.selenium.SearchContext.findElement(org.openqa.selenium.By)&quot; because &quot;this.searchContext&quot; is null
	at org.openqa.selenium.support.pagefactory.DefaultElementLocator.findElement(DefaultElementLocator.java:69)
	at org.openqa.selenium.support.pagefactory.internal.LocatingElementHandler.invoke(LocatingElementHandler.java:38)
	at com.sun.proxy.$Proxy13.sendKeys(Unknown Source)
	at com.htc.madison.pages.Billing.setcompanyBy(Billing.java:54)
	at com.htc.madison.testCases.BillingPageTest.testBillingPaAndOrderPage_enterValidBillingDetails_shouldAllowToCheckout(BillingPageTest.java:34)
	at java.base/java.util.ArrayList.forEach(ArrayList.java:1511)
... Removed 27 stack frames</div></td></tr></table><p class="totop"><a href="#summary">back to summary</a></p>
<h3 id="m1">com.htc.madison.testCases.CartPageTest#testCartPage_chooseDesired_shouldAllowToSelect</h3><table class="result"><tr><th>Exception</th></tr><tr><td><div class="stacktrace">java.lang.NullPointerException: Cannot invoke &quot;org.openqa.selenium.SearchContext.findElement(org.openqa.selenium.By)&quot; because &quot;this.searchContext&quot; is null
	at org.openqa.selenium.support.pagefactory.DefaultElementLocator.findElement(DefaultElementLocator.java:69)
	at org.openqa.selenium.support.pagefactory.internal.LocatingElementHandler.invoke(LocatingElementHandler.java:38)
	at com.sun.proxy.$Proxy13.click(Unknown Source)
	at com.htc.madison.pages.Cart.setcolourBy(Cart.java:25)
	at com.htc.madison.testCases.CartPageTest.testCartPage_chooseDesired_shouldAllowToSelect(CartPageTest.java:35)
	at java.base/java.util.ArrayList.forEach(ArrayList.java:1511)
... Removed 27 stack frames</div></td></tr></table><p class="totop"><a href="#summary">back to summary</a></p>
<h3 id="m2">com.htc.madison.testCases.HomePageTest#testHomePage_searchProduct_shouldShowTheProduct</h3><table class="result"><tr class="param"><th>Parameter #1</th></tr><tr class="param stripe"><td>[kevinpoulson1@gmail.com, mrrobot, Magento Commerce]</td></tr><tr><th>Exception</th></tr><tr><td><div class="stacktrace">java.lang.NullPointerException: Cannot invoke &quot;org.openqa.selenium.WebDriver.manage()&quot; because &quot;this.driver&quot; is null
	at com.htc.madison.testCases.HomePageTest.testHomePage_searchProduct_shouldShowTheProduct(HomePageTest.java:36)
	at java.base/java.util.ArrayList.forEach(ArrayList.java:1511)
... Removed 27 stack frames</div></td></tr></table><p class="totop"><a href="#summary">back to summary</a></p>
<h3 id="m3">com.htc.madison.testCases.LoginPageTest#testMadisonSignin_InValidloginCredential_ShouldDisplayErrorInSigninPage</h3><table class="result"><tr class="param"><th>Parameter #1</th></tr><tr class="param stripe"><td>[testDemo@gmail.com, testDemo, Invalid login or password.]</td></tr><tr><th>Exception</th></tr><tr><td><div class="stacktrace">java.lang.NullPointerException: Cannot invoke &quot;org.openqa.selenium.SearchContext.findElement(org.openqa.selenium.By)&quot; because &quot;this.searchContext&quot; is null
	at org.openqa.selenium.support.pagefactory.DefaultElementLocator.findElement(DefaultElementLocator.java:69)
	at org.openqa.selenium.support.pagefactory.internal.LocatingElementHandler.invoke(LocatingElementHandler.java:38)
	at com.sun.proxy.$Proxy13.click(Unknown Source)
	at com.htc.madison.pages.LoginPage.clickAccount(LoginPage.java:34)
	at com.htc.madison.pages.LoginPage.doLogin(LoginPage.java:51)
	at com.htc.madison.testCases.LoginPageTest.testMadisonSignin_InValidloginCredential_ShouldDisplayErrorInSigninPage(LoginPageTest.java:59)
	at java.base/java.util.ArrayList.forEach(ArrayList.java:1511)
... Removed 27 stack frames</div></td></tr></table><p class="totop"><a href="#summary">back to summary</a></p>
<h3 id="m4">com.htc.madison.testCases.LoginPageTest#testMadisonSignin_ValidloginCredential_ShouldDisplayDashboard</h3><table class="result"><tr class="param"><th>Parameter #1</th></tr><tr class="param stripe"><td>[kevinpoulson1@gmail.com, mrrobot, Magento Commerce]</td></tr><tr><th>Exception</th></tr><tr><td><div class="stacktrace">java.lang.NullPointerException: Cannot invoke &quot;org.openqa.selenium.SearchContext.findElement(org.openqa.selenium.By)&quot; because &quot;this.searchContext&quot; is null
	at org.openqa.selenium.support.pagefactory.DefaultElementLocator.findElement(DefaultElementLocator.java:69)
	at org.openqa.selenium.support.pagefactory.internal.LocatingElementHandler.invoke(LocatingElementHandler.java:38)
	at com.sun.proxy.$Proxy13.click(Unknown Source)
	at com.htc.madison.pages.LoginPage.clickAccount(LoginPage.java:34)
	at com.htc.madison.pages.LoginPage.doLogin(LoginPage.java:51)
	at com.htc.madison.testCases.LoginPageTest.testMadisonSignin_ValidloginCredential_ShouldDisplayDashboard(LoginPageTest.java:40)
	at java.base/java.util.ArrayList.forEach(ArrayList.java:1511)
... Removed 27 stack frames</div></td></tr></table><p class="totop"><a href="#summary">back to summary</a></p>
<h3 id="m5">com.htc.madison.testCases.ProductPageTest#testProductPage_clickOnTheProduct_shouldShowTheProductetails</h3><table class="result"><tr><th>Exception</th></tr><tr><td><div class="stacktrace">java.lang.NullPointerException: Cannot invoke &quot;org.openqa.selenium.JavascriptExecutor.executeScript(String, Object[])&quot; because &quot;executor&quot; is null
	at com.htc.madison.pages.ProductPage.scrollPage(ProductPage.java:29)
	at com.htc.madison.testCases.ProductPageTest.testProductPage_clickOnTheProduct_shouldShowTheProductetails(ProductPageTest.java:34)
	at java.base/java.util.ArrayList.forEach(ArrayList.java:1511)
... Removed 27 stack frames</div></td></tr></table><p class="totop"><a href="#summary">back to summary</a></p>
<h3 id="m6">com.htc.madison.testCases.RegisterPageTest#testRegistration_entervalidDetails_shouldShowRegistrationMessage</h3><table class="result"><tr class="param"><th>Parameter #1</th></tr><tr class="param stripe"><td>[kevi, ghos, poulso, kevinpoulson20@gmail.com, mrrobot, mrrobot]</td></tr></table><p class="totop"><a href="#summary">back to summary</a></p>
</body>
</html>
