<?xml version="1.0" encoding="UTF-8"?>
<!-- Generated by org.testng.reporters.JUnitXMLReporter -->
<testsuite ignored="0" hostname="DESKTOP-NLOJU8G" failures="1" tests="2" name="ParallelTest" time="24.298" errors="0" timestamp="2021-02-25T23:42:20 IST">
  <testcase classname="com.htc.grid.test.MadisonLoginTest" name="testLoginPage_enterValidCredentails_shouldShowSuccessMessage" time="0.0">
    <failure type="org.testng.TestNGException" message="
Parameter &amp;apos;engine&amp;apos; is required by @Test on method testLoginPage_enterValidCredentails_shouldShowSuccessMessage but has not been marked @Optional or defined
in D:\HTCEclipse_GIT\seleniumGrid\src\test\resources\madisonTest.xml">
      <![CDATA[org.testng.TestNGException: 
Parameter 'engine' is required by @Test on method testLoginPage_enterValidCredentails_shouldShowSuccessMessage but has not been marked @Optional or defined
in D:\HTCEclipse_GIT\seleniumGrid\src\test\resources\madisonTest.xml
at java.base/java.util.concurrent.ThreadPoolExecutor.runWorker(ThreadPoolExecutor.java:1130)
at java.base/java.util.concurrent.ThreadPoolExecutor$Worker.run(ThreadPoolExecutor.java:630)
at java.base/java.lang.Thread.run(Thread.java:832)
... Removed 11 stack frames]]>
    </failure>
  </testcase> <!-- testLoginPage_enterValidCredentails_shouldShowSuccessMessage -->
  <testcase classname="com.htc.grid.test.MadisonLoginTest" name="testLoginPage_validCredentails_shouldShowSuccessMessage" time="24.237"/>
</testsuite> <!-- ParallelTest -->
