<?xml version="1.0" encoding="UTF-8"?>
<!-- Generated by org.testng.reporters.JUnitXMLReporter -->
<testsuite ignored="10" hostname="DESKTOP-NLOJU8G" failures="6" tests="7" name="NewRegistration_ValidInvalidLogin_purchaseOrderTest" time="8.207" errors="0" timestamp="2021-03-04T13:26:33 IST">
  <testcase classname="com.htc.madison.testCases.RegisterPageTest" name="testRegistration_entervalidDetails_shouldShowRegistrationMessage" time="6.604"/>
  <testcase classname="com.htc.madison.testCases.LoginPageTest" name="testMadisonSignin_ValidloginCredential_ShouldDisplayDashboard" time="0.005">
    <failure type="java.lang.NullPointerException" message="Cannot invoke &amp;quot;org.openqa.selenium.SearchContext.findElement(org.openqa.selenium.By)&amp;quot; because &amp;quot;this.searchContext&amp;quot; is null">
      <![CDATA[java.lang.NullPointerException: Cannot invoke "org.openqa.selenium.SearchContext.findElement(org.openqa.selenium.By)" because "this.searchContext" is null
at org.openqa.selenium.support.pagefactory.DefaultElementLocator.findElement(DefaultElementLocator.java:69)
at org.openqa.selenium.support.pagefactory.internal.LocatingElementHandler.invoke(LocatingElementHandler.java:38)
at com.sun.proxy.$Proxy13.click(Unknown Source)
at com.htc.madison.pages.LoginPage.clickAccount(LoginPage.java:34)
at com.htc.madison.pages.LoginPage.doLogin(LoginPage.java:51)
at com.htc.madison.testCases.LoginPageTest.testMadisonSignin_ValidloginCredential_ShouldDisplayDashboard(LoginPageTest.java:40)
at java.base/java.util.ArrayList.forEach(ArrayList.java:1511)
... Removed 27 stack frames]]>
    </failure>
  </testcase> <!-- testMadisonSignin_ValidloginCredential_ShouldDisplayDashboard -->
  <testcase classname="com.htc.madison.testCases.LoginPageTest" name="testMadisonSignin_InValidloginCredential_ShouldDisplayErrorInSigninPage" time="0.005">
    <failure type="java.lang.NullPointerException" message="Cannot invoke &amp;quot;org.openqa.selenium.SearchContext.findElement(org.openqa.selenium.By)&amp;quot; because &amp;quot;this.searchContext&amp;quot; is null">
      <![CDATA[java.lang.NullPointerException: Cannot invoke "org.openqa.selenium.SearchContext.findElement(org.openqa.selenium.By)" because "this.searchContext" is null
at org.openqa.selenium.support.pagefactory.DefaultElementLocator.findElement(DefaultElementLocator.java:69)
at org.openqa.selenium.support.pagefactory.internal.LocatingElementHandler.invoke(LocatingElementHandler.java:38)
at com.sun.proxy.$Proxy13.click(Unknown Source)
at com.htc.madison.pages.LoginPage.clickAccount(LoginPage.java:34)
at com.htc.madison.pages.LoginPage.doLogin(LoginPage.java:51)
at com.htc.madison.testCases.LoginPageTest.testMadisonSignin_InValidloginCredential_ShouldDisplayErrorInSigninPage(LoginPageTest.java:59)
at java.base/java.util.ArrayList.forEach(ArrayList.java:1511)
... Removed 27 stack frames]]>
    </failure>
  </testcase> <!-- testMadisonSignin_InValidloginCredential_ShouldDisplayErrorInSigninPage -->
  <testcase classname="com.htc.madison.testCases.HomePageTest" name="testHomePage_searchProduct_shouldShowTheProduct" time="0.007">
    <failure type="java.lang.NullPointerException" message="Cannot invoke &amp;quot;org.openqa.selenium.WebDriver.manage()&amp;quot; because &amp;quot;this.driver&amp;quot; is null">
      <![CDATA[java.lang.NullPointerException: Cannot invoke "org.openqa.selenium.WebDriver.manage()" because "this.driver" is null
at com.htc.madison.testCases.HomePageTest.testHomePage_searchProduct_shouldShowTheProduct(HomePageTest.java:36)
at java.base/java.util.ArrayList.forEach(ArrayList.java:1511)
... Removed 27 stack frames]]>
    </failure>
  </testcase> <!-- testHomePage_searchProduct_shouldShowTheProduct -->
  <testcase classname="com.htc.madison.testCases.ProductPageTest" name="testProductPage_clickOnTheProduct_shouldShowTheProductetails" time="0.011">
    <failure type="java.lang.NullPointerException" message="Cannot invoke &amp;quot;org.openqa.selenium.JavascriptExecutor.executeScript(String, Object[])&amp;quot; because &amp;quot;executor&amp;quot; is null">
      <![CDATA[java.lang.NullPointerException: Cannot invoke "org.openqa.selenium.JavascriptExecutor.executeScript(String, Object[])" because "executor" is null
at com.htc.madison.pages.ProductPage.scrollPage(ProductPage.java:29)
at com.htc.madison.testCases.ProductPageTest.testProductPage_clickOnTheProduct_shouldShowTheProductetails(ProductPageTest.java:34)
at java.base/java.util.ArrayList.forEach(ArrayList.java:1511)
... Removed 27 stack frames]]>
    </failure>
  </testcase> <!-- testProductPage_clickOnTheProduct_shouldShowTheProductetails -->
  <testcase classname="com.htc.madison.testCases.CartPageTest" name="testCartPage_chooseDesired_shouldAllowToSelect" time="0.004">
    <failure type="java.lang.NullPointerException" message="Cannot invoke &amp;quot;org.openqa.selenium.SearchContext.findElement(org.openqa.selenium.By)&amp;quot; because &amp;quot;this.searchContext&amp;quot; is null">
      <![CDATA[java.lang.NullPointerException: Cannot invoke "org.openqa.selenium.SearchContext.findElement(org.openqa.selenium.By)" because "this.searchContext" is null
at org.openqa.selenium.support.pagefactory.DefaultElementLocator.findElement(DefaultElementLocator.java:69)
at org.openqa.selenium.support.pagefactory.internal.LocatingElementHandler.invoke(LocatingElementHandler.java:38)
at com.sun.proxy.$Proxy13.click(Unknown Source)
at com.htc.madison.pages.Cart.setcolourBy(Cart.java:25)
at com.htc.madison.testCases.CartPageTest.testCartPage_chooseDesired_shouldAllowToSelect(CartPageTest.java:35)
at java.base/java.util.ArrayList.forEach(ArrayList.java:1511)
... Removed 27 stack frames]]>
    </failure>
  </testcase> <!-- testCartPage_chooseDesired_shouldAllowToSelect -->
  <testcase classname="com.htc.madison.testCases.BillingPageTest" name="testBillingPaAndOrderPage_enterValidBillingDetails_shouldAllowToCheckout" time="0.005">
    <failure type="java.lang.NullPointerException" message="Cannot invoke &amp;quot;org.openqa.selenium.SearchContext.findElement(org.openqa.selenium.By)&amp;quot; because &amp;quot;this.searchContext&amp;quot; is null">
      <![CDATA[java.lang.NullPointerException: Cannot invoke "org.openqa.selenium.SearchContext.findElement(org.openqa.selenium.By)" because "this.searchContext" is null
at org.openqa.selenium.support.pagefactory.DefaultElementLocator.findElement(DefaultElementLocator.java:69)
at org.openqa.selenium.support.pagefactory.internal.LocatingElementHandler.invoke(LocatingElementHandler.java:38)
at com.sun.proxy.$Proxy13.sendKeys(Unknown Source)
at com.htc.madison.pages.Billing.setcompanyBy(Billing.java:54)
at com.htc.madison.testCases.BillingPageTest.testBillingPaAndOrderPage_enterValidBillingDetails_shouldAllowToCheckout(BillingPageTest.java:34)
at java.base/java.util.ArrayList.forEach(ArrayList.java:1511)
... Removed 27 stack frames]]>
    </failure>
  </testcase> <!-- testBillingPaAndOrderPage_enterValidBillingDetails_shouldAllowToCheckout -->
  <testcase classname="com.htc.madsion.base.TestBase" name="@BeforeSuite setUp" time="0.0">
    <ignored/>
  </testcase> <!-- @BeforeSuite setUp -->
  <testcase classname="com.htc.madsion.base.TestBase" name="@BeforeSuite setUp" time="0.0">
    <ignored/>
  </testcase> <!-- @BeforeSuite setUp -->
  <testcase classname="com.htc.madsion.base.TestBase" name="@BeforeSuite setUp" time="0.0">
    <ignored/>
  </testcase> <!-- @BeforeSuite setUp -->
  <testcase classname="com.htc.madsion.base.TestBase" name="@BeforeSuite setUp" time="0.0">
    <ignored/>
  </testcase> <!-- @BeforeSuite setUp -->
  <testcase classname="com.htc.madsion.base.TestBase" name="@BeforeSuite setUp" time="0.0">
    <ignored/>
  </testcase> <!-- @BeforeSuite setUp -->
  <testcase classname="com.htc.madsion.base.TestBase" name="@AfterSuite tearDown" time="0.0">
    <ignored/>
  </testcase> <!-- @AfterSuite tearDown -->
  <testcase classname="com.htc.madsion.base.TestBase" name="@AfterSuite tearDown" time="0.0">
    <ignored/>
  </testcase> <!-- @AfterSuite tearDown -->
  <testcase classname="com.htc.madsion.base.TestBase" name="@AfterSuite tearDown" time="0.0">
    <ignored/>
  </testcase> <!-- @AfterSuite tearDown -->
  <testcase classname="com.htc.madsion.base.TestBase" name="@AfterSuite tearDown" time="0.0">
    <ignored/>
  </testcase> <!-- @AfterSuite tearDown -->
  <testcase classname="com.htc.madsion.base.TestBase" name="@AfterSuite tearDown" time="0.0">
    <ignored/>
  </testcase> <!-- @AfterSuite tearDown -->
</testsuite> <!-- NewRegistration_ValidInvalidLogin_purchaseOrderTest -->
