<?xml version="1.0" encoding="UTF-8"?>
<!-- Generated by org.testng.reporters.JUnitXMLReporter -->
<testsuite ignored="2" hostname="DESKTOP-NLOJU8G" failures="1" tests="6" name="NewRegistration_ValidInvalidLogin_purchaseOrderTest" time="31.028" errors="0" timestamp="2021-03-12T13:13:08 IST">
  <testcase classname="com.htc.base.TestBase" name="@BeforeClass setup" time="0.001">
    <failure type="java.lang.NullPointerException" message="Cannot invoke &amp;quot;com.htc.javaUtility.DataProviderConfig.getBrowser()&amp;quot; because &amp;quot;this.config&amp;quot; is null">
      <![CDATA[java.lang.NullPointerException: Cannot invoke "com.htc.javaUtility.DataProviderConfig.getBrowser()" because "this.config" is null
at com.htc.base.TestBase.setup(TestBase.java:68)
at java.base/java.util.ArrayList.forEach(ArrayList.java:1511)
... Removed 25 stack frames]]>
    </failure>
  </testcase> <!-- @BeforeClass setup -->
  <testcase classname="com.htc.base.TestBase" name="@AfterMethod screenshot" time="-1.615534988267E9">
    <skipped/>
  </testcase> <!-- @AfterMethod screenshot -->
  <testcase classname="com.htc.base.TestBase" name="@AfterMethod screenshot" time="-1.615534988277E9">
    <skipped/>
  </testcase> <!-- @AfterMethod screenshot -->
  <testcase classname="com.htc.base.TestBase" name="@AfterMethod screenshot" time="-1.615534988287E9">
    <skipped/>
  </testcase> <!-- @AfterMethod screenshot -->
  <testcase classname="com.htc.base.TestBase" name="@AfterMethod screenshot" time="-1.615534988311E9">
    <skipped/>
  </testcase> <!-- @AfterMethod screenshot -->
  <testcase classname="com.htc.base.TestBase" name="@BeforeClass setup" time="0.0">
    <failure type="java.lang.NullPointerException" message="Cannot invoke &amp;quot;com.htc.javaUtility.DataProviderConfig.getBrowser()&amp;quot; because &amp;quot;this.config&amp;quot; is null">
      <![CDATA[java.lang.NullPointerException: Cannot invoke "com.htc.javaUtility.DataProviderConfig.getBrowser()" because "this.config" is null
at com.htc.base.TestBase.setup(TestBase.java:68)
at java.base/java.util.ArrayList.forEach(ArrayList.java:1511)
... Removed 25 stack frames]]>
    </failure>
  </testcase> <!-- @BeforeClass setup -->
  <testcase classname="com.htc.base.TestBase" name="@AfterMethod screenshot" time="-1.615534988496E9">
    <skipped/>
  </testcase> <!-- @AfterMethod screenshot -->
  <testcase classname="com.htc.test.RegistrationTest" name="testCreateAccount_fillDetails_ShouldCreateNewAccountsuccessfully" time="10.948">
    <failure type="org.openqa.selenium.NoSuchElementException" message="Cannot locate an element using xpath=//*[@id=&amp;quot;top&amp;quot;]/body/div/div[2]/div[2]/div/div[2]/div[2]/div/ul/li/ul/li/span
For documentation on this error, please visit: https://www.seleniumhq.org/exceptions/no_such_element.html
Build info: version: &amp;apos;3.141.59&amp;apos;, revision: &amp;apos;e82be7d358&amp;apos;, time: &amp;apos;2018-11-14T08:17:03&amp;apos;
System info: host: &amp;apos;DESKTOP-NLOJU8G&amp;apos;, ip: &amp;apos;192.168.56.1&amp;apos;, os.name: &amp;apos;Windows 10&amp;apos;, os.arch: &amp;apos;amd64&amp;apos;, os.version: &amp;apos;10.0&amp;apos;, java.version: &amp;apos;15.0.1&amp;apos;
Driver info: driver.version: RemoteWebDriver">
      <![CDATA[org.openqa.selenium.NoSuchElementException: Cannot locate an element using xpath=//*[@id="top"]/body/div/div[2]/div[2]/div/div[2]/div[2]/div/ul/li/ul/li/span
For documentation on this error, please visit: https://www.seleniumhq.org/exceptions/no_such_element.html
Build info: version: '3.141.59', revision: 'e82be7d358', time: '2018-11-14T08:17:03'
System info: host: 'DESKTOP-NLOJU8G', ip: '192.168.56.1', os.name: 'Windows 10', os.arch: 'amd64', os.version: '10.0', java.version: '15.0.1'
Driver info: driver.version: RemoteWebDriver
at org.openqa.selenium.remote.RemoteWebDriver.findElement(RemoteWebDriver.java:327)
at org.openqa.selenium.remote.RemoteWebDriver.findElementByXPath(RemoteWebDriver.java:428)
at org.openqa.selenium.By$ByXPath.findElement(By.java:353)
at org.openqa.selenium.remote.RemoteWebDriver.findElement(RemoteWebDriver.java:315)
at com.htc.page.HomePage.isWelcomeTextDisplayed(HomePage.java:30)
at com.htc.test.RegistrationTest.testCreateAccount_fillDetails_ShouldCreateNewAccountsuccessfully(RegistrationTest.java:18)
at java.base/java.util.ArrayList.forEach(ArrayList.java:1511)
... Removed 27 stack frames]]>
    </failure>
  </testcase> <!-- testCreateAccount_fillDetails_ShouldCreateNewAccountsuccessfully -->
  <testcase classname="com.htc.test.LoginTest" name="test" time="0.0">
    <skipped/>
  </testcase> <!-- test -->
  <testcase classname="com.htc.test.LoginTest" name="test" time="0.0">
    <skipped/>
  </testcase> <!-- test -->
  <testcase classname="com.htc.test.LoginTest" name="test" time="0.0">
    <skipped/>
  </testcase> <!-- test -->
  <testcase classname="com.htc.test.LoginTest" name="test" time="0.0">
    <skipped/>
  </testcase> <!-- test -->
  <testcase classname="com.htc.test.ProductPurchaseTest" name="testLoginPage_enterCredantials_shouldLoginSuccessful" time="0.0">
    <skipped/>
  </testcase> <!-- testLoginPage_enterCredantials_shouldLoginSuccessful -->
  <testcase classname="com.htc.base.TestBase" name="@BeforeSuite loadProptiesFile" time="0.0">
    <ignored/>
  </testcase> <!-- @BeforeSuite loadProptiesFile -->
  <testcase classname="com.htc.base.TestBase" name="@BeforeSuite loadProptiesFile" time="0.0">
    <ignored/>
  </testcase> <!-- @BeforeSuite loadProptiesFile -->
</testsuite> <!-- NewRegistration_ValidInvalidLogin_purchaseOrderTest -->
