<?xml version="1.0" encoding="UTF-8"?>
<!-- Generated by org.testng.reporters.JUnitXMLReporter -->
<testsuite hostname="Gowtham-PC" ignored="5" name="Madison WebSite Test" tests="3" failures="0" timestamp="2021-03-03T19:53:53 IST" time="74.663" errors="0">
  <testcase name="@BeforeMethod setup" time="74.388" classname="com.htc.base.TestBase">
    <failure type="org.openqa.selenium.WebDriverException" message="chrome not reachable
Build info: version: &amp;apos;3.141.59&amp;apos;, revision: &amp;apos;e82be7d358&amp;apos;, time: &amp;apos;2018-11-14T08:17:03&amp;apos;
System info: host: &amp;apos;GOWTHAM-PC&amp;apos;, ip: &amp;apos;192.168.43.72&amp;apos;, os.name: &amp;apos;Windows 7&amp;apos;, os.arch: &amp;apos;amd64&amp;apos;, os.version: &amp;apos;6.1&amp;apos;, java.version: &amp;apos;1.8.0_241&amp;apos;
Driver info: driver.version: ChromeDriver
remote stacktrace: Backtrace:
	GetHandleVerifier [0x00C1B963+483]
	GetHandleVerifier [0x00C1B941+449]
	GetHandleVerifier [0x00FC31B0+3832368]
	GetHandleVerifier [0x00FB98D3+3793235]
	GetHandleVerifier [0x00FDD17F+3938815]
	GetHandleVerifier [0x00FD9AFB+3924859]
	GetHandleVerifier [0x00FD7D9C+3917340]
	GetHandleVerifier [0x00FFE7FE+4075646]
	GetHandleVerifier [0x00FFE56C+4074988]
	GetHandleVerifier [0x00FFB2EB+4062059]
	GetHandleVerifier [0x00FDED14+3945876]
	GetHandleVerifier [0x00FDFBCE+3949646]
	GetHandleVerifier [0x00FDFB59+3949529]
	Ordinal0 [0x00BDB5CC+46540]
	Ordinal0 [0x00BD9F53+40787]
	Ordinal0 [0x00BD9B12+39698]
	GetHandleVerifier [0x00EE1468+2907368]
	GetHandleVerifier [0x00D271EE+1096302]
	GetHandleVerifier [0x00CE3E8D+821005]
	GetHandleVerifier [0x00CE396B+819691]
	GetHandleVerifier [0x00CE3881+819457]
	GetHandleVerifier [0x00D0F463+998627]
	BaseThreadInitThunk [0x76C933CA+18]
	RtlInitializeExceptionChain [0x77449ED2+99]
	RtlInitializeExceptionChain [0x77449EA5+54]
">
      <![CDATA[org.openqa.selenium.WebDriverException: chrome not reachable
Build info: version: '3.141.59', revision: 'e82be7d358', time: '2018-11-14T08:17:03'
System info: host: 'GOWTHAM-PC', ip: '192.168.43.72', os.name: 'Windows 7', os.arch: 'amd64', os.version: '6.1', java.version: '1.8.0_241'
Driver info: driver.version: ChromeDriver
remote stacktrace: Backtrace:
GetHandleVerifier [0x00C1B963+483]
GetHandleVerifier [0x00C1B941+449]
GetHandleVerifier [0x00FC31B0+3832368]
GetHandleVerifier [0x00FB98D3+3793235]
GetHandleVerifier [0x00FDD17F+3938815]
GetHandleVerifier [0x00FD9AFB+3924859]
GetHandleVerifier [0x00FD7D9C+3917340]
GetHandleVerifier [0x00FFE7FE+4075646]
GetHandleVerifier [0x00FFE56C+4074988]
GetHandleVerifier [0x00FFB2EB+4062059]
GetHandleVerifier [0x00FDED14+3945876]
GetHandleVerifier [0x00FDFBCE+3949646]
GetHandleVerifier [0x00FDFB59+3949529]
Ordinal0 [0x00BDB5CC+46540]
Ordinal0 [0x00BD9F53+40787]
Ordinal0 [0x00BD9B12+39698]
GetHandleVerifier [0x00EE1468+2907368]
GetHandleVerifier [0x00D271EE+1096302]
GetHandleVerifier [0x00CE3E8D+821005]
GetHandleVerifier [0x00CE396B+819691]
GetHandleVerifier [0x00CE3881+819457]
GetHandleVerifier [0x00D0F463+998627]
BaseThreadInitThunk [0x76C933CA+18]
RtlInitializeExceptionChain [0x77449ED2+99]
RtlInitializeExceptionChain [0x77449EA5+54]

at org.openqa.selenium.remote.W3CHandshakeResponse.lambda$errorHandler$0(W3CHandshakeResponse.java:62)
at org.openqa.selenium.remote.HandshakeResponse.lambda$getResponseFunction$0(HandshakeResponse.java:30)
at org.openqa.selenium.remote.ProtocolHandshake.lambda$createSession$0(ProtocolHandshake.java:126)
at java.util.stream.ReferencePipeline$3$1.accept(ReferencePipeline.java:193)
at java.util.Spliterators$ArraySpliterator.tryAdvance(Spliterators.java:958)
at java.util.stream.ReferencePipeline.forEachWithCancel(ReferencePipeline.java:126)
at java.util.stream.AbstractPipeline.copyIntoWithCancel(AbstractPipeline.java:499)
at java.util.stream.AbstractPipeline.copyInto(AbstractPipeline.java:486)
at java.util.stream.AbstractPipeline.wrapAndCopyInto(AbstractPipeline.java:472)
at java.util.stream.FindOps$FindOp.evaluateSequential(FindOps.java:152)
at java.util.stream.AbstractPipeline.evaluate(AbstractPipeline.java:234)
at java.util.stream.ReferencePipeline.findFirst(ReferencePipeline.java:464)
at org.openqa.selenium.remote.ProtocolHandshake.createSession(ProtocolHandshake.java:128)
at org.openqa.selenium.remote.ProtocolHandshake.createSession(ProtocolHandshake.java:74)
at org.openqa.selenium.remote.HttpCommandExecutor.execute(HttpCommandExecutor.java:136)
at org.openqa.selenium.remote.service.DriverCommandExecutor.execute(DriverCommandExecutor.java:83)
at org.openqa.selenium.remote.RemoteWebDriver.execute(RemoteWebDriver.java:552)
at org.openqa.selenium.remote.RemoteWebDriver.startSession(RemoteWebDriver.java:213)
at org.openqa.selenium.remote.RemoteWebDriver.<init>(RemoteWebDriver.java:131)
at org.openqa.selenium.chrome.ChromeDriver.<init>(ChromeDriver.java:181)
at org.openqa.selenium.chrome.ChromeDriver.<init>(ChromeDriver.java:168)
at org.openqa.selenium.chrome.ChromeDriver.<init>(ChromeDriver.java:123)
at com.htc.base.TestBase.setup(TestBase.java:62)
at java.util.ArrayList.forEach(ArrayList.java:1257)
... Removed 35 stack frames]]>
    </failure>
  </testcase> <!-- @BeforeMethod setup -->
  <testcase name="testCreateAccount_fillDetails_ShouldCreateNewAccountsuccessfully" time="0.0" classname="com.htc.seleniumacademyPOM.test.RegistrationPageTest">
    <skipped/>
  </testcase> <!-- testCreateAccount_fillDetails_ShouldCreateNewAccountsuccessfully -->
  <testcase name="testBrowserStackSignin_InValidloginCredential_ShouldErrorInSigninPage" time="0.0" classname="com.htc.seleniumacademyPOM.test.LoginPageTest">
    <skipped/>
  </testcase> <!-- testBrowserStackSignin_InValidloginCredential_ShouldErrorInSigninPage -->
  <testcase name="testLoginPage_enterCredantials_shouldLoginSuccessful" time="0.0" classname="com.htc.seleniumacademyPOM.test.CheckOutTest">
    <skipped/>
  </testcase> <!-- testLoginPage_enterCredantials_shouldLoginSuccessful -->
  <testcase name="@AfterSuite tearDown" time="0.0" classname="com.htc.base.TestBase">
    <ignored/>
  </testcase> <!-- @AfterSuite tearDown -->
  <testcase name="@AfterSuite tearDown" time="0.0" classname="com.htc.base.TestBase">
    <ignored/>
  </testcase> <!-- @AfterSuite tearDown -->
  <testcase name="testLoginPage_enterCredantials_shouldLoginSuccessful" time="0.0" classname="com.htc.seleniumacademyPOM.test.LoginPageTest">
    <ignored/>
  </testcase> <!-- testLoginPage_enterCredantials_shouldLoginSuccessful -->
  <testcase name="@BeforeSuite loadProptiesFile" time="0.0" classname="com.htc.base.TestBase">
    <ignored/>
  </testcase> <!-- @BeforeSuite loadProptiesFile -->
  <testcase name="@BeforeSuite loadProptiesFile" time="0.0" classname="com.htc.base.TestBase">
    <ignored/>
  </testcase> <!-- @BeforeSuite loadProptiesFile -->
</testsuite> <!-- Madison WebSite Test -->
