<?xml version="1.0" encoding="UTF-8"?>
<!-- Generated by org.testng.reporters.JUnitXMLReporter -->
<testsuite hostname="Gowtham-PC" ignored="6" name="Selenium Academy Test" tests="2" failures="1" timestamp="2021-03-03T16:13:24 IST" time="36.233" errors="0">
  <testcase name="testCreateAccount_fillDetails_ShouldCreateNewAccountsuccessfully" time="7.681" classname="com.htc.seleniumacademyPOM.test.RegistrationPageTest">
    <failure type="org.openqa.selenium.InvalidSelectorException" message="invalid selector: Unable to locate an element with the xpath expression //*[@id=\&amp;quot;top\&amp;quot;]/body/div/div[2]/div[2]/div/div[2]/div[2]/div/ul/li/ul/li/span because of the following error:
SyntaxError: Failed to execute &amp;apos;evaluate&amp;apos; on &amp;apos;Document&amp;apos;: The string &amp;apos;//*[@id=\&amp;quot;top\&amp;quot;]/body/div/div[2]/div[2]/div/div[2]/div[2]/div/ul/li/ul/li/span&amp;apos; is not a valid XPath expression.
  (Session info: chrome=88.0.4324.190)
For documentation on this error, please visit: https://www.seleniumhq.org/exceptions/invalid_selector_exception.html
Build info: version: &amp;apos;3.141.59&amp;apos;, revision: &amp;apos;e82be7d358&amp;apos;, time: &amp;apos;2018-11-14T08:17:03&amp;apos;
System info: host: &amp;apos;GOWTHAM-PC&amp;apos;, ip: &amp;apos;192.168.43.72&amp;apos;, os.name: &amp;apos;Windows 7&amp;apos;, os.arch: &amp;apos;amd64&amp;apos;, os.version: &amp;apos;6.1&amp;apos;, java.version: &amp;apos;1.8.0_241&amp;apos;
Driver info: org.openqa.selenium.chrome.ChromeDriver
Capabilities {acceptInsecureCerts: false, browserName: chrome, browserVersion: 88.0.4324.190, chrome: {chromedriverVersion: 88.0.4324.96 (68dba2d8a0b14..., userDataDir: C:\Temp\scoped_dir7160_1830...}, goog:chromeOptions: {debuggerAddress: localhost:51888}, javascriptEnabled: true, networkConnectionEnabled: false, pageLoadStrategy: normal, platform: WINDOWS, platformName: WINDOWS, proxy: Proxy(), setWindowRect: true, strictFileInteractability: false, timeouts: {implicit: 0, pageLoad: 300000, script: 30000}, unhandledPromptBehavior: dismiss and notify, webauthn:extension:largeBlob: true, webauthn:virtualAuthenticators: true}
Session ID: d86fe1c930b04037629a3d2f9f010f82
*** Element info: {Using=xpath, value=//*[@id=\&amp;quot;top\&amp;quot;]/body/div/div[2]/div[2]/div/div[2]/div[2]/div/ul/li/ul/li/span}">
      <![CDATA[org.openqa.selenium.InvalidSelectorException: invalid selector: Unable to locate an element with the xpath expression //*[@id=\"top\"]/body/div/div[2]/div[2]/div/div[2]/div[2]/div/ul/li/ul/li/span because of the following error:
SyntaxError: Failed to execute 'evaluate' on 'Document': The string '//*[@id=\"top\"]/body/div/div[2]/div[2]/div/div[2]/div[2]/div/ul/li/ul/li/span' is not a valid XPath expression.
  (Session info: chrome=88.0.4324.190)
For documentation on this error, please visit: https://www.seleniumhq.org/exceptions/invalid_selector_exception.html
Build info: version: '3.141.59', revision: 'e82be7d358', time: '2018-11-14T08:17:03'
System info: host: 'GOWTHAM-PC', ip: '192.168.43.72', os.name: 'Windows 7', os.arch: 'amd64', os.version: '6.1', java.version: '1.8.0_241'
Driver info: org.openqa.selenium.chrome.ChromeDriver
Capabilities {acceptInsecureCerts: false, browserName: chrome, browserVersion: 88.0.4324.190, chrome: {chromedriverVersion: 88.0.4324.96 (68dba2d8a0b14..., userDataDir: C:\Temp\scoped_dir7160_1830...}, goog:chromeOptions: {debuggerAddress: localhost:51888}, javascriptEnabled: true, networkConnectionEnabled: false, pageLoadStrategy: normal, platform: WINDOWS, platformName: WINDOWS, proxy: Proxy(), setWindowRect: true, strictFileInteractability: false, timeouts: {implicit: 0, pageLoad: 300000, script: 30000}, unhandledPromptBehavior: dismiss and notify, webauthn:extension:largeBlob: true, webauthn:virtualAuthenticators: true}
Session ID: d86fe1c930b04037629a3d2f9f010f82
*** Element info: {Using=xpath, value=//*[@id=\"top\"]/body/div/div[2]/div[2]/div/div[2]/div[2]/div/ul/li/ul/li/span}
at org.openqa.selenium.remote.http.W3CHttpResponseCodec.createException(W3CHttpResponseCodec.java:187)
at org.openqa.selenium.remote.http.W3CHttpResponseCodec.decode(W3CHttpResponseCodec.java:122)
at org.openqa.selenium.remote.http.W3CHttpResponseCodec.decode(W3CHttpResponseCodec.java:49)
at org.openqa.selenium.remote.HttpCommandExecutor.execute(HttpCommandExecutor.java:158)
at org.openqa.selenium.remote.service.DriverCommandExecutor.execute(DriverCommandExecutor.java:83)
at org.openqa.selenium.remote.RemoteWebDriver.execute(RemoteWebDriver.java:552)
at org.openqa.selenium.remote.RemoteWebDriver.findElement(RemoteWebDriver.java:323)
at org.openqa.selenium.remote.RemoteWebDriver.findElementByXPath(RemoteWebDriver.java:428)
at org.openqa.selenium.By$ByXPath.findElement(By.java:353)
at org.openqa.selenium.remote.RemoteWebDriver.findElement(RemoteWebDriver.java:315)
at com.htc.seleniumacademyPOM.page.HomePage.isWelcomeTextDisplayed(HomePage.java:30)
at com.htc.seleniumacademyPOM.test.RegistrationPageTest.testCreateAccount_fillDetails_ShouldCreateNewAccountsuccessfully(RegistrationPageTest.java:35)
at java.util.ArrayList.forEach(ArrayList.java:1257)
... Removed 31 stack frames]]>
    </failure>
  </testcase> <!-- testCreateAccount_fillDetails_ShouldCreateNewAccountsuccessfully -->
  <testcase name="testLoginPage_enterCredantials_shouldLoginSuccessful" time="0.0" classname="com.htc.seleniumacademyPOM.test.CheckOutTest">
    <skipped/>
  </testcase> <!-- testLoginPage_enterCredantials_shouldLoginSuccessful -->
  <testcase name="testBrowserStackSignin_InValidloginCredential_ShouldErrorInSigninPage" time="0.0" classname="com.htc.seleniumacademyPOM.test.LoginPageTest">
    <ignored/>
  </testcase> <!-- testBrowserStackSignin_InValidloginCredential_ShouldErrorInSigninPage -->
  <testcase name="@AfterSuite tearDown" time="0.0" classname="com.htc.base.TestBase">
    <ignored/>
  </testcase> <!-- @AfterSuite tearDown -->
  <testcase name="@AfterSuite tearDown" time="0.0" classname="com.htc.base.TestBase">
    <ignored/>
  </testcase> <!-- @AfterSuite tearDown -->
  <testcase name="testLoginPage_enterCredantials_shouldLoginSuccessful" time="0.0" classname="com.htc.seleniumacademyPOM.test.LoginPageTest">
    <ignored/>
  </testcase> <!-- testLoginPage_enterCredantials_shouldLoginSuccessful -->
  <testcase name="@BeforeSuite loadProptiesFile" time="0.0" classname="com.htc.base.TestBase">
    <ignored/>
  </testcase> <!-- @BeforeSuite loadProptiesFile -->
  <testcase name="@BeforeSuite loadProptiesFile" time="0.0" classname="com.htc.base.TestBase">
    <ignored/>
  </testcase> <!-- @BeforeSuite loadProptiesFile -->
</testsuite> <!-- Selenium Academy Test -->
