<?xml version="1.0" encoding="UTF-8"?>
<!-- Generated by org.testng.reporters.JUnitReportReporter -->
<testsuite skipped="1" hostname="Gowtham-PC" name="com.htc.seleniumacademyPOM.test.RegistrationPageTest" tests="2" failures="0" timestamp="2021-03-03T19:53:53 IST" time="74.388" errors="1">
  <testcase name="testCreateAccount_fillDetails_ShouldCreateNewAccountsuccessfully" time="0.000" classname="com.htc.seleniumacademyPOM.test.RegistrationPageTest">
    <skipped/>
  </testcase> <!-- testCreateAccount_fillDetails_ShouldCreateNewAccountsuccessfully -->
  <system-out/>
  <testcase name="setup" time="74.388" classname="com.htc.seleniumacademyPOM.test.RegistrationPageTest">
    <error type="org.openqa.selenium.WebDriverException" message="chrome not reachable
Build info: version: &#039;3.141.59&#039;, revision: &#039;e82be7d358&#039;, time: &#039;2018-11-14T08:17:03&#039;
System info: host: &#039;GOWTHAM-PC&#039;, ip: &#039;192.168.43.72&#039;, os.name: &#039;Windows 7&#039;, os.arch: &#039;amd64&#039;, os.version: &#039;6.1&#039;, java.version: &#039;1.8.0_241&#039;
Driver info: driver.version: ChromeDriver
remote stacktrace: Backtrace:
	GetHandleVerifier [0x00C1B963+483]
	GetHandleVerifier [0x00C1B941+449]
	GetHandleVerifier [0x00FC31B0+3832368]
	GetHandleVerifier [0x00FB98D3+3793235]
	GetHandleVerifier [0x00FDD17F+3938815]
	GetHandleVerifier [0x00FD9AFB+3924859]
	GetHandleVerifier [0x00FD7D9C+3917340]
	GetHandleVerifier [0x00FFE7FE+4075646]
	GetHandleVerifier [0x00FFE56C+4074988]
	GetHandleVerifier [0x00FFB2EB+4062059]
	GetHandleVerifier [0x00FDED14+3945876]
	GetHandleVerifier [0x00FDFBCE+3949646]
	GetHandleVerifier [0x00FDFB59+3949529]
	Ordinal0 [0x00BDB5CC+46540]
	Ordinal0 [0x00BD9F53+40787]
	Ordinal0 [0x00BD9B12+39698]
	GetHandleVerifier [0x00EE1468+2907368]
	GetHandleVerifier [0x00D271EE+1096302]
	GetHandleVerifier [0x00CE3E8D+821005]
	GetHandleVerifier [0x00CE396B+819691]
	GetHandleVerifier [0x00CE3881+819457]
	GetHandleVerifier [0x00D0F463+998627]
	BaseThreadInitThunk [0x76C933CA+18]
	RtlInitializeExceptionChain [0x77449ED2+99]
	RtlInitializeExceptionChain [0x77449EA5+54]
">
      <![CDATA[org.openqa.selenium.WebDriverException: chrome not reachable
Build info: version: '3.141.59', revision: 'e82be7d358', time: '2018-11-14T08:17:03'
System info: host: 'GOWTHAM-PC', ip: '192.168.43.72', os.name: 'Windows 7', os.arch: 'amd64', os.version: '6.1', java.version: '1.8.0_241'
Driver info: driver.version: ChromeDriver
remote stacktrace: Backtrace:
GetHandleVerifier [0x00C1B963+483]
GetHandleVerifier [0x00C1B941+449]
GetHandleVerifier [0x00FC31B0+3832368]
GetHandleVerifier [0x00FB98D3+3793235]
GetHandleVerifier [0x00FDD17F+3938815]
GetHandleVerifier [0x00FD9AFB+3924859]
GetHandleVerifier [0x00FD7D9C+3917340]
GetHandleVerifier [0x00FFE7FE+4075646]
GetHandleVerifier [0x00FFE56C+4074988]
GetHandleVerifier [0x00FFB2EB+4062059]
GetHandleVerifier [0x00FDED14+3945876]
GetHandleVerifier [0x00FDFBCE+3949646]
GetHandleVerifier [0x00FDFB59+3949529]
Ordinal0 [0x00BDB5CC+46540]
Ordinal0 [0x00BD9F53+40787]
Ordinal0 [0x00BD9B12+39698]
GetHandleVerifier [0x00EE1468+2907368]
GetHandleVerifier [0x00D271EE+1096302]
GetHandleVerifier [0x00CE3E8D+821005]
GetHandleVerifier [0x00CE396B+819691]
GetHandleVerifier [0x00CE3881+819457]
GetHandleVerifier [0x00D0F463+998627]
BaseThreadInitThunk [0x76C933CA+18]
RtlInitializeExceptionChain [0x77449ED2+99]
RtlInitializeExceptionChain [0x77449EA5+54]

at sun.reflect.NativeConstructorAccessorImpl.newInstance0(Native Method)
at sun.reflect.NativeConstructorAccessorImpl.newInstance(NativeConstructorAccessorImpl.java:62)
at sun.reflect.DelegatingConstructorAccessorImpl.newInstance(DelegatingConstructorAccessorImpl.java:45)
at java.lang.reflect.Constructor.newInstance(Constructor.java:423)
at org.openqa.selenium.remote.W3CHandshakeResponse.lambda$errorHandler$0(W3CHandshakeResponse.java:62)
at org.openqa.selenium.remote.HandshakeResponse.lambda$getResponseFunction$0(HandshakeResponse.java:30)
at org.openqa.selenium.remote.ProtocolHandshake.lambda$createSession$0(ProtocolHandshake.java:126)
at java.util.stream.ReferencePipeline$3$1.accept(ReferencePipeline.java:193)
at java.util.Spliterators$ArraySpliterator.tryAdvance(Spliterators.java:958)
at java.util.stream.ReferencePipeline.forEachWithCancel(ReferencePipeline.java:126)
at java.util.stream.AbstractPipeline.copyIntoWithCancel(AbstractPipeline.java:499)
at java.util.stream.AbstractPipeline.copyInto(AbstractPipeline.java:486)
at java.util.stream.AbstractPipeline.wrapAndCopyInto(AbstractPipeline.java:472)
at java.util.stream.FindOps$FindOp.evaluateSequential(FindOps.java:152)
at java.util.stream.AbstractPipeline.evaluate(AbstractPipeline.java:234)
at java.util.stream.ReferencePipeline.findFirst(ReferencePipeline.java:464)
at org.openqa.selenium.remote.ProtocolHandshake.createSession(ProtocolHandshake.java:128)
at org.openqa.selenium.remote.ProtocolHandshake.createSession(ProtocolHandshake.java:74)
at org.openqa.selenium.remote.HttpCommandExecutor.execute(HttpCommandExecutor.java:136)
at org.openqa.selenium.remote.service.DriverCommandExecutor.execute(DriverCommandExecutor.java:83)
at org.openqa.selenium.remote.RemoteWebDriver.execute(RemoteWebDriver.java:552)
at org.openqa.selenium.remote.RemoteWebDriver.startSession(RemoteWebDriver.java:213)
at org.openqa.selenium.remote.RemoteWebDriver.<init>(RemoteWebDriver.java:131)
at org.openqa.selenium.chrome.ChromeDriver.<init>(ChromeDriver.java:181)
at org.openqa.selenium.chrome.ChromeDriver.<init>(ChromeDriver.java:168)
at org.openqa.selenium.chrome.ChromeDriver.<init>(ChromeDriver.java:123)
at com.htc.base.TestBase.setup(TestBase.java:62)
at sun.reflect.NativeMethodAccessorImpl.invoke0(Native Method)
at sun.reflect.NativeMethodAccessorImpl.invoke(NativeMethodAccessorImpl.java:62)
at sun.reflect.DelegatingMethodAccessorImpl.invoke(DelegatingMethodAccessorImpl.java:43)
at java.lang.reflect.Method.invoke(Method.java:498)
at org.testng.internal.MethodInvocationHelper.invokeMethod(MethodInvocationHelper.java:132)
at org.testng.internal.MethodInvocationHelper.invokeMethodConsideringTimeout(MethodInvocationHelper.java:61)
at org.testng.internal.ConfigInvoker.invokeConfigurationMethod(ConfigInvoker.java:366)
at org.testng.internal.ConfigInvoker.invokeConfigurations(ConfigInvoker.java:320)
at org.testng.internal.TestInvoker.runConfigMethods(TestInvoker.java:701)
at org.testng.internal.TestInvoker.invokeMethod(TestInvoker.java:527)
at org.testng.internal.TestInvoker.invokeTestMethod(TestInvoker.java:174)
at org.testng.internal.MethodRunner.runInSequence(MethodRunner.java:46)
at org.testng.internal.TestInvoker$MethodInvocationAgent.invoke(TestInvoker.java:822)
at org.testng.internal.TestInvoker.invokeTestMethods(TestInvoker.java:147)
at org.testng.internal.TestMethodWorker.invokeTestMethods(TestMethodWorker.java:146)
at org.testng.internal.TestMethodWorker.run(TestMethodWorker.java:128)
at java.util.ArrayList.forEach(ArrayList.java:1257)
at org.testng.TestRunner.privateRun(TestRunner.java:764)
at org.testng.TestRunner.run(TestRunner.java:585)
at org.testng.SuiteRunner.runTest(SuiteRunner.java:384)
at org.testng.SuiteRunner.runSequentially(SuiteRunner.java:378)
at org.testng.SuiteRunner.privateRun(SuiteRunner.java:337)
at org.testng.SuiteRunner.run(SuiteRunner.java:286)
at org.testng.SuiteRunnerWorker.runSuite(SuiteRunnerWorker.java:53)
at org.testng.SuiteRunnerWorker.run(SuiteRunnerWorker.java:96)
at org.testng.TestNG.runSuitesSequentially(TestNG.java:1218)
at org.testng.TestNG.runSuitesLocally(TestNG.java:1140)
at org.testng.TestNG.runSuites(TestNG.java:1069)
at org.testng.TestNG.run(TestNG.java:1037)
at org.testng.remote.AbstractRemoteTestNG.run(AbstractRemoteTestNG.java:115)
at org.testng.remote.RemoteTestNG.initAndRun(RemoteTestNG.java:251)
at org.testng.remote.RemoteTestNG.main(RemoteTestNG.java:77)
]]>
    </error>
  </testcase> <!-- setup -->
  <system-out/>
</testsuite> <!-- com.htc.seleniumacademyPOM.test.RegistrationPageTest -->
