<?xml version="1.0" encoding="UTF-8"?>
<!-- Generated by org.testng.reporters.JUnitReportReporter -->
<testsuite hostname="DESKTOP-NLOJU8G" failures="0" tests="3" name="com.htc.testCases.LoginPurchaseTest" time="-1622134144.000" errors="1" timestamp="2021-05-27T22:17:37 IST" skipped="2">
  <testcase classname="com.htc.testCases.LoginPurchaseTest" name="testLoginAndCheckOutPage_shouldDisplayValidInvalidMessage_enterValidAndInvalidDetails" time="0.000">
    <skipped/>
  </testcase> <!-- testLoginAndCheckOutPage_shouldDisplayValidInvalidMessage_enterValidAndInvalidDetails -->
  <system-out/>
  <testcase classname="com.htc.testCases.LoginPurchaseTest" name="initializeBrowser" time="-1622134144.000">
    <error message="
Parameter &#039;platform&#039; is required by BeforeSuite on method initializeBrowser but has not been marked @Optional or defined
in C:\Users\PramodVG\AppData\Local\Temp\testng-eclipse-438930683\testng-customsuite.xml" type="org.testng.TestNGException">
      <![CDATA[org.testng.TestNGException: 
Parameter 'platform' is required by BeforeSuite on method initializeBrowser but has not been marked @Optional or defined
in C:\Users\PramodVG\AppData\Local\Temp\testng-eclipse-438930683\testng-customsuite.xml
at org.testng.internal.Parameters.createParams(Parameters.java:268)
at org.testng.internal.Parameters.createParametersForMethod(Parameters.java:356)
at org.testng.internal.Parameters.createParameters(Parameters.java:700)
at org.testng.internal.Parameters.createConfigurationParameters(Parameters.java:166)
at org.testng.internal.ConfigInvoker.invokeConfigurations(ConfigInvoker.java:301)
at org.testng.SuiteRunner.privateRun(SuiteRunner.java:327)
at org.testng.SuiteRunner.run(SuiteRunner.java:286)
at org.testng.SuiteRunnerWorker.runSuite(SuiteRunnerWorker.java:53)
at org.testng.SuiteRunnerWorker.run(SuiteRunnerWorker.java:96)
at org.testng.TestNG.runSuitesSequentially(TestNG.java:1218)
at org.testng.TestNG.runSuitesLocally(TestNG.java:1140)
at org.testng.TestNG.runSuites(TestNG.java:1069)
at org.testng.TestNG.run(TestNG.java:1037)
at org.testng.remote.AbstractRemoteTestNG.run(AbstractRemoteTestNG.java:115)
at org.testng.remote.RemoteTestNG.initAndRun(RemoteTestNG.java:251)
at org.testng.remote.RemoteTestNG.main(RemoteTestNG.java:77)
]]>
    </error>
  </testcase> <!-- initializeBrowser -->
  <system-out/>
  <testcase classname="com.htc.testCases.LoginPurchaseTest" name="testLoginAndCheckOutPage_shouldDisplayValidInvalidMessage_enterValidAndInvalidDetails" time="0.000">
    <skipped/>
  </testcase> <!-- testLoginAndCheckOutPage_shouldDisplayValidInvalidMessage_enterValidAndInvalidDetails -->
  <system-out/>
</testsuite> <!-- com.htc.testCases.LoginPurchaseTest -->
